2026-01-27 16:36:31 INFO [api] ✅ Cleaned up ongoing jobs on server restart
2026-01-27 16:38:53 INFO [api] ✅ Cleaned up ongoing jobs on server restart
2026-01-27 16:38:53 INFO [api] Received file: Types of taxes.mp4 of type: video/mp4
2026-01-27 16:43:23 INFO [sentence_transformers.SentenceTransformer] Use pytorch device_name: cpu
2026-01-27 16:43:23 INFO [sentence_transformers.SentenceTransformer] Load pretrained SentenceTransformer: sentence-transformers/all-MiniLM-L6-v2
2026-01-27 16:44:28 INFO [sentence_transformers.SentenceTransformer] Use pytorch device_name: cpu
2026-01-27 16:44:28 INFO [sentence_transformers.SentenceTransformer] Load pretrained SentenceTransformer: sentence-transformers/all-MiniLM-L6-v2
2026-01-27 16:44:42 INFO [api] ✅ Cleaned up ongoing jobs on server restart
2026-01-27 16:44:42 INFO [api] Received file: Types of taxes.mp4 of type: video/mp4
2026-01-27 16:46:31 INFO [sentence_transformers.SentenceTransformer] Use pytorch device_name: cpu
2026-01-27 16:46:31 INFO [sentence_transformers.SentenceTransformer] Load pretrained SentenceTransformer: sentence-transformers/all-MiniLM-L6-v2
2026-01-27 16:47:46 INFO [api] ✅ Cleaned up ongoing jobs on server restart
2026-01-27 16:47:46 INFO [api] Received file: Types of taxes.mp4 of type: video/mp4
2026-01-27 16:47:46 ERROR [api] Unsupported file type: video/mp4
2026-01-27 16:47:46 ERROR [api] Upload failed: 400: Unsupported file type
2026-01-27 16:50:16 INFO [sentence_transformers.SentenceTransformer] Use pytorch device_name: cpu
2026-01-27 16:50:16 INFO [sentence_transformers.SentenceTransformer] Load pretrained SentenceTransformer: sentence-transformers/all-MiniLM-L6-v2
2026-01-27 16:51:38 INFO [sentence_transformers.SentenceTransformer] Use pytorch device_name: cpu
2026-01-27 16:51:38 INFO [sentence_transformers.SentenceTransformer] Load pretrained SentenceTransformer: sentence-transformers/all-MiniLM-L6-v2
2026-01-27 16:51:51 INFO [api] ✅ Cleaned up ongoing jobs on server restart
2026-01-27 16:51:51 INFO [api] Received file: Types of taxes.mp4 of type: video/mp4
2026-01-27 16:52:17 INFO [ingest_pdf]  PDF 'C:\Users\PRATYUSH\OneDrive\Desktop\Video-to-Chatbot\Voice-to-text\PDFs\Types of taxes.pdf' embedded & stored!
2026-01-27 16:52:17 INFO [helper_function] Pipeline completed for Types of taxes.mp4
2026-01-27 18:16:29 INFO [api] ✅ Cleaned up ongoing jobs on server restart
2026-01-27 18:16:29 INFO [api] Received file: Megamax Services_Certificate of Incorporation-010715.pdf of type: application/pdf
2026-01-27 18:16:29 INFO [ingest_pdf]  PDF 'C:\Users\PRATYUSH\OneDrive\Desktop\Video-to-Chatbot\Voice-to-text\PDFs\Megamax Services_Certificate of Incorporation-010715.pdf' embedded & stored!
